----------------
IN: 
0x00010074:  00a00293          addi                    t0,zero,10

 pc       00010074
 x0/zero  00000000 x1/ra    00000000 x2/sp    2b2ab6f0 x3/gp    00000000
 x4/tp    00000000 x5/t0    00000000 x6/t1    00000000 x7/t2    00000000
 x8/s0    00000000 x9/s1    00000000 x10/a0   00000000 x11/a1   00000000
 x12/a2   00000000 x13/a3   00000000 x14/a4   00000000 x15/a5   00000000
 x16/a6   00000000 x17/a7   00000000 x18/s2   00000000 x19/s3   00000000
 x20/s4   00000000 x21/s5   00000000 x22/s6   00000000 x23/s7   00000000
 x24/s8   00000000 x25/s9   00000000 x26/s10  00000000 x27/s11  00000000
 x28/t3   00000000 x29/t4   00000000 x30/t5   00000000 x31/t6   00000000
----------------
IN: 
0x00010078:  00000313          mv                      t1,zero

 pc       00010078
 x0/zero  00000000 x1/ra    00000000 x2/sp    2b2ab6f0 x3/gp    00000000
 x4/tp    00000000 x5/t0    0000000a x6/t1    00000000 x7/t2    00000000
 x8/s0    00000000 x9/s1    00000000 x10/a0   00000000 x11/a1   00000000
 x12/a2   00000000 x13/a3   00000000 x14/a4   00000000 x15/a5   00000000
 x16/a6   00000000 x17/a7   00000000 x18/s2   00000000 x19/s3   00000000
 x20/s4   00000000 x21/s5   00000000 x22/s6   00000000 x23/s7   00000000
 x24/s8   00000000 x25/s9   00000000 x26/s10  00000000 x27/s11  00000000
 x28/t3   00000000 x29/t4   00000000 x30/t5   00000000 x31/t6   00000000
----------------
IN: 
0x0001007c:  00100393          addi                    t2,zero,1

 pc       0001007c
 x0/zero  00000000 x1/ra    00000000 x2/sp    2b2ab6f0 x3/gp    00000000
 x4/tp    00000000 x5/t0    0000000a x6/t1    00000000 x7/t2    00000000
 x8/s0    00000000 x9/s1    00000000 x10/a0   00000000 x11/a1   00000000
 x12/a2   00000000 x13/a3   00000000 x14/a4   00000000 x15/a5   00000000
 x16/a6   00000000 x17/a7   00000000 x18/s2   00000000 x19/s3   00000000
 x20/s4   00000000 x21/s5   00000000 x22/s6   00000000 x23/s7   00000000
 x24/s8   00000000 x25/s9   00000000 x26/s10  00000000 x27/s11  00000000
 x28/t3   00000000 x29/t4   00000000 x30/t5   00000000 x31/t6   00000000
----------------
IN: 
0x00010080:  0072c863          bgt                     t2,t0,16                # 0x10090

 pc       00010080
 x0/zero  00000000 x1/ra    00000000 x2/sp    2b2ab6f0 x3/gp    00000000
 x4/tp    00000000 x5/t0    0000000a x6/t1    00000000 x7/t2    00000001
 x8/s0    00000000 x9/s1    00000000 x10/a0   00000000 x11/a1   00000000
 x12/a2   00000000 x13/a3   00000000 x14/a4   00000000 x15/a5   00000000
 x16/a6   00000000 x17/a7   00000000 x18/s2   00000000 x19/s3   00000000
 x20/s4   00000000 x21/s5   00000000 x22/s6   00000000 x23/s7   00000000
 x24/s8   00000000 x25/s9   00000000 x26/s10  00000000 x27/s11  00000000
 x28/t3   00000000 x29/t4   00000000 x30/t5   00000000 x31/t6   00000000
----------------
IN: 
0x00010084:  00730333          add                     t1,t1,t2

 pc       00010084
 x0/zero  00000000 x1/ra    00000000 x2/sp    2b2ab6f0 x3/gp    00000000
 x4/tp    00000000 x5/t0    0000000a x6/t1    00000000 x7/t2    00000001
 x8/s0    00000000 x9/s1    00000000 x10/a0   00000000 x11/a1   00000000
 x12/a2   00000000 x13/a3   00000000 x14/a4   00000000 x15/a5   00000000
 x16/a6   00000000 x17/a7   00000000 x18/s2   00000000 x19/s3   00000000
 x20/s4   00000000 x21/s5   00000000 x22/s6   00000000 x23/s7   00000000
 x24/s8   00000000 x25/s9   00000000 x26/s10  00000000 x27/s11  00000000
 x28/t3   00000000 x29/t4   00000000 x30/t5   00000000 x31/t6   00000000
----------------
IN: 
0x00010088:  00138393          addi                    t2,t2,1

 pc       00010088
 x0/zero  00000000 x1/ra    00000000 x2/sp    2b2ab6f0 x3/gp    00000000
 x4/tp    00000000 x5/t0    0000000a x6/t1    00000001 x7/t2    00000001
 x8/s0    00000000 x9/s1    00000000 x10/a0   00000000 x11/a1   00000000
 x12/a2   00000000 x13/a3   00000000 x14/a4   00000000 x15/a5   00000000
 x16/a6   00000000 x17/a7   00000000 x18/s2   00000000 x19/s3   00000000
 x20/s4   00000000 x21/s5   00000000 x22/s6   00000000 x23/s7   00000000
 x24/s8   00000000 x25/s9   00000000 x26/s10  00000000 x27/s11  00000000
 x28/t3   00000000 x29/t4   00000000 x30/t5   00000000 x31/t6   00000000
----------------
IN: 
0x0001008c:  ff5ff06f          j                       -12                     # 0x10080

 pc       0001008c
 x0/zero  00000000 x1/ra    00000000 x2/sp    2b2ab6f0 x3/gp    00000000
 x4/tp    00000000 x5/t0    0000000a x6/t1    00000001 x7/t2    00000002
 x8/s0    00000000 x9/s1    00000000 x10/a0   00000000 x11/a1   00000000
 x12/a2   00000000 x13/a3   00000000 x14/a4   00000000 x15/a5   00000000
 x16/a6   00000000 x17/a7   00000000 x18/s2   00000000 x19/s3   00000000
 x20/s4   00000000 x21/s5   00000000 x22/s6   00000000 x23/s7   00000000
 x24/s8   00000000 x25/s9   00000000 x26/s10  00000000 x27/s11  00000000
 x28/t3   00000000 x29/t4   00000000 x30/t5   00000000 x31/t6   00000000
 pc       00010080
 x0/zero  00000000 x1/ra    00000000 x2/sp    2b2ab6f0 x3/gp    00000000
 x4/tp    00000000 x5/t0    0000000a x6/t1    00000001 x7/t2    00000002
 x8/s0    00000000 x9/s1    00000000 x10/a0   00000000 x11/a1   00000000
 x12/a2   00000000 x13/a3   00000000 x14/a4   00000000 x15/a5   00000000
 x16/a6   00000000 x17/a7   00000000 x18/s2   00000000 x19/s3   00000000
 x20/s4   00000000 x21/s5   00000000 x22/s6   00000000 x23/s7   00000000
 x24/s8   00000000 x25/s9   00000000 x26/s10  00000000 x27/s11  00000000
 x28/t3   00000000 x29/t4   00000000 x30/t5   00000000 x31/t6   00000000
 pc       00010084
 x0/zero  00000000 x1/ra    00000000 x2/sp    2b2ab6f0 x3/gp    00000000
 x4/tp    00000000 x5/t0    0000000a x6/t1    00000001 x7/t2    00000002
 x8/s0    00000000 x9/s1    00000000 x10/a0   00000000 x11/a1   00000000
 x12/a2   00000000 x13/a3   00000000 x14/a4   00000000 x15/a5   00000000
 x16/a6   00000000 x17/a7   00000000 x18/s2   00000000 x19/s3   00000000
 x20/s4   00000000 x21/s5   00000000 x22/s6   00000000 x23/s7   00000000
 x24/s8   00000000 x25/s9   00000000 x26/s10  00000000 x27/s11  00000000
 x28/t3   00000000 x29/t4   00000000 x30/t5   00000000 x31/t6   00000000
 pc       00010088
 x0/zero  00000000 x1/ra    00000000 x2/sp    2b2ab6f0 x3/gp    00000000
 x4/tp    00000000 x5/t0    0000000a x6/t1    00000003 x7/t2    00000002
 x8/s0    00000000 x9/s1    00000000 x10/a0   00000000 x11/a1   00000000
 x12/a2   00000000 x13/a3   00000000 x14/a4   00000000 x15/a5   00000000
 x16/a6   00000000 x17/a7   00000000 x18/s2   00000000 x19/s3   00000000
 x20/s4   00000000 x21/s5   00000000 x22/s6   00000000 x23/s7   00000000
 x24/s8   00000000 x25/s9   00000000 x26/s10  00000000 x27/s11  00000000
 x28/t3   00000000 x29/t4   00000000 x30/t5   00000000 x31/t6   00000000
 pc       0001008c
 x0/zero  00000000 x1/ra    00000000 x2/sp    2b2ab6f0 x3/gp    00000000
 x4/tp    00000000 x5/t0    0000000a x6/t1    00000003 x7/t2    00000003
 x8/s0    00000000 x9/s1    00000000 x10/a0   00000000 x11/a1   00000000
 x12/a2   00000000 x13/a3   00000000 x14/a4   00000000 x15/a5   00000000
 x16/a6   00000000 x17/a7   00000000 x18/s2   00000000 x19/s3   00000000
 x20/s4   00000000 x21/s5   00000000 x22/s6   00000000 x23/s7   00000000
 x24/s8   00000000 x25/s9   00000000 x26/s10  00000000 x27/s11  00000000
 x28/t3   00000000 x29/t4   00000000 x30/t5   00000000 x31/t6   00000000
 pc       00010080
 x0/zero  00000000 x1/ra    00000000 x2/sp    2b2ab6f0 x3/gp    00000000
 x4/tp    00000000 x5/t0    0000000a x6/t1    00000003 x7/t2    00000003
 x8/s0    00000000 x9/s1    00000000 x10/a0   00000000 x11/a1   00000000
 x12/a2   00000000 x13/a3   00000000 x14/a4   00000000 x15/a5   00000000
 x16/a6   00000000 x17/a7   00000000 x18/s2   00000000 x19/s3   00000000
 x20/s4   00000000 x21/s5   00000000 x22/s6   00000000 x23/s7   00000000
 x24/s8   00000000 x25/s9   00000000 x26/s10  00000000 x27/s11  00000000
 x28/t3   00000000 x29/t4   00000000 x30/t5   00000000 x31/t6   00000000
 pc       00010084
 x0/zero  00000000 x1/ra    00000000 x2/sp    2b2ab6f0 x3/gp    00000000
 x4/tp    00000000 x5/t0    0000000a x6/t1    00000003 x7/t2    00000003
 x8/s0    00000000 x9/s1    00000000 x10/a0   00000000 x11/a1   00000000
 x12/a2   00000000 x13/a3   00000000 x14/a4   00000000 x15/a5   00000000
 x16/a6   00000000 x17/a7   00000000 x18/s2   00000000 x19/s3   00000000
 x20/s4   00000000 x21/s5   00000000 x22/s6   00000000 x23/s7   00000000
 x24/s8   00000000 x25/s9   00000000 x26/s10  00000000 x27/s11  00000000
 x28/t3   00000000 x29/t4   00000000 x30/t5   00000000 x31/t6   00000000
 pc       00010088
 x0/zero  00000000 x1/ra    00000000 x2/sp    2b2ab6f0 x3/gp    00000000
 x4/tp    00000000 x5/t0    0000000a x6/t1    00000006 x7/t2    00000003
 x8/s0    00000000 x9/s1    00000000 x10/a0   00000000 x11/a1   00000000
 x12/a2   00000000 x13/a3   00000000 x14/a4   00000000 x15/a5   00000000
 x16/a6   00000000 x17/a7   00000000 x18/s2   00000000 x19/s3   00000000
 x20/s4   00000000 x21/s5   00000000 x22/s6   00000000 x23/s7   00000000
 x24/s8   00000000 x25/s9   00000000 x26/s10  00000000 x27/s11  00000000
 x28/t3   00000000 x29/t4   00000000 x30/t5   00000000 x31/t6   00000000
 pc       0001008c
 x0/zero  00000000 x1/ra    00000000 x2/sp    2b2ab6f0 x3/gp    00000000
 x4/tp    00000000 x5/t0    0000000a x6/t1    00000006 x7/t2    00000004
 x8/s0    00000000 x9/s1    00000000 x10/a0   00000000 x11/a1   00000000
 x12/a2   00000000 x13/a3   00000000 x14/a4   00000000 x15/a5   00000000
 x16/a6   00000000 x17/a7   00000000 x18/s2   00000000 x19/s3   00000000
 x20/s4   00000000 x21/s5   00000000 x22/s6   00000000 x23/s7   00000000
 x24/s8   00000000 x25/s9   00000000 x26/s10  00000000 x27/s11  00000000
 x28/t3   00000000 x29/t4   00000000 x30/t5   00000000 x31/t6   00000000
 pc       00010080
 x0/zero  00000000 x1/ra    00000000 x2/sp    2b2ab6f0 x3/gp    00000000
 x4/tp    00000000 x5/t0    0000000a x6/t1    00000006 x7/t2    00000004
 x8/s0    00000000 x9/s1    00000000 x10/a0   00000000 x11/a1   00000000
 x12/a2   00000000 x13/a3   00000000 x14/a4   00000000 x15/a5   00000000
 x16/a6   00000000 x17/a7   00000000 x18/s2   00000000 x19/s3   00000000
 x20/s4   00000000 x21/s5   00000000 x22/s6   00000000 x23/s7   00000000
 x24/s8   00000000 x25/s9   00000000 x26/s10  00000000 x27/s11  00000000
 x28/t3   00000000 x29/t4   00000000 x30/t5   00000000 x31/t6   00000000
 pc       00010084
 x0/zero  00000000 x1/ra    00000000 x2/sp    2b2ab6f0 x3/gp    00000000
 x4/tp    00000000 x5/t0    0000000a x6/t1    00000006 x7/t2    00000004
 x8/s0    00000000 x9/s1    00000000 x10/a0   00000000 x11/a1   00000000
 x12/a2   00000000 x13/a3   00000000 x14/a4   00000000 x15/a5   00000000
 x16/a6   00000000 x17/a7   00000000 x18/s2   00000000 x19/s3   00000000
 x20/s4   00000000 x21/s5   00000000 x22/s6   00000000 x23/s7   00000000
 x24/s8   00000000 x25/s9   00000000 x26/s10  00000000 x27/s11  00000000
 x28/t3   00000000 x29/t4   00000000 x30/t5   00000000 x31/t6   00000000
 pc       00010088
 x0/zero  00000000 x1/ra    00000000 x2/sp    2b2ab6f0 x3/gp    00000000
 x4/tp    00000000 x5/t0    0000000a x6/t1    0000000a x7/t2    00000004
 x8/s0    00000000 x9/s1    00000000 x10/a0   00000000 x11/a1   00000000
 x12/a2   00000000 x13/a3   00000000 x14/a4   00000000 x15/a5   00000000
 x16/a6   00000000 x17/a7   00000000 x18/s2   00000000 x19/s3   00000000
 x20/s4   00000000 x21/s5   00000000 x22/s6   00000000 x23/s7   00000000
 x24/s8   00000000 x25/s9   00000000 x26/s10  00000000 x27/s11  00000000
 x28/t3   00000000 x29/t4   00000000 x30/t5   00000000 x31/t6   00000000
 pc       0001008c
 x0/zero  00000000 x1/ra    00000000 x2/sp    2b2ab6f0 x3/gp    00000000
 x4/tp    00000000 x5/t0    0000000a x6/t1    0000000a x7/t2    00000005
 x8/s0    00000000 x9/s1    00000000 x10/a0   00000000 x11/a1   00000000
 x12/a2   00000000 x13/a3   00000000 x14/a4   00000000 x15/a5   00000000
 x16/a6   00000000 x17/a7   00000000 x18/s2   00000000 x19/s3   00000000
 x20/s4   00000000 x21/s5   00000000 x22/s6   00000000 x23/s7   00000000
 x24/s8   00000000 x25/s9   00000000 x26/s10  00000000 x27/s11  00000000
 x28/t3   00000000 x29/t4   00000000 x30/t5   00000000 x31/t6   00000000
 pc       00010080
 x0/zero  00000000 x1/ra    00000000 x2/sp    2b2ab6f0 x3/gp    00000000
 x4/tp    00000000 x5/t0    0000000a x6/t1    0000000a x7/t2    00000005
 x8/s0    00000000 x9/s1    00000000 x10/a0   00000000 x11/a1   00000000
 x12/a2   00000000 x13/a3   00000000 x14/a4   00000000 x15/a5   00000000
 x16/a6   00000000 x17/a7   00000000 x18/s2   00000000 x19/s3   00000000
 x20/s4   00000000 x21/s5   00000000 x22/s6   00000000 x23/s7   00000000
 x24/s8   00000000 x25/s9   00000000 x26/s10  00000000 x27/s11  00000000
 x28/t3   00000000 x29/t4   00000000 x30/t5   00000000 x31/t6   00000000
 pc       00010084
 x0/zero  00000000 x1/ra    00000000 x2/sp    2b2ab6f0 x3/gp    00000000
 x4/tp    00000000 x5/t0    0000000a x6/t1    0000000a x7/t2    00000005
 x8/s0    00000000 x9/s1    00000000 x10/a0   00000000 x11/a1   00000000
 x12/a2   00000000 x13/a3   00000000 x14/a4   00000000 x15/a5   00000000
 x16/a6   00000000 x17/a7   00000000 x18/s2   00000000 x19/s3   00000000
 x20/s4   00000000 x21/s5   00000000 x22/s6   00000000 x23/s7   00000000
 x24/s8   00000000 x25/s9   00000000 x26/s10  00000000 x27/s11  00000000
 x28/t3   00000000 x29/t4   00000000 x30/t5   00000000 x31/t6   00000000
 pc       00010088
 x0/zero  00000000 x1/ra    00000000 x2/sp    2b2ab6f0 x3/gp    00000000
 x4/tp    00000000 x5/t0    0000000a x6/t1    0000000f x7/t2    00000005
 x8/s0    00000000 x9/s1    00000000 x10/a0   00000000 x11/a1   00000000
 x12/a2   00000000 x13/a3   00000000 x14/a4   00000000 x15/a5   00000000
 x16/a6   00000000 x17/a7   00000000 x18/s2   00000000 x19/s3   00000000
 x20/s4   00000000 x21/s5   00000000 x22/s6   00000000 x23/s7   00000000
 x24/s8   00000000 x25/s9   00000000 x26/s10  00000000 x27/s11  00000000
 x28/t3   00000000 x29/t4   00000000 x30/t5   00000000 x31/t6   00000000
 pc       0001008c
 x0/zero  00000000 x1/ra    00000000 x2/sp    2b2ab6f0 x3/gp    00000000
 x4/tp    00000000 x5/t0    0000000a x6/t1    0000000f x7/t2    00000006
 x8/s0    00000000 x9/s1    00000000 x10/a0   00000000 x11/a1   00000000
 x12/a2   00000000 x13/a3   00000000 x14/a4   00000000 x15/a5   00000000
 x16/a6   00000000 x17/a7   00000000 x18/s2   00000000 x19/s3   00000000
 x20/s4   00000000 x21/s5   00000000 x22/s6   00000000 x23/s7   00000000
 x24/s8   00000000 x25/s9   00000000 x26/s10  00000000 x27/s11  00000000
 x28/t3   00000000 x29/t4   00000000 x30/t5   00000000 x31/t6   00000000
 pc       00010080
 x0/zero  00000000 x1/ra    00000000 x2/sp    2b2ab6f0 x3/gp    00000000
 x4/tp    00000000 x5/t0    0000000a x6/t1    0000000f x7/t2    00000006
 x8/s0    00000000 x9/s1    00000000 x10/a0   00000000 x11/a1   00000000
 x12/a2   00000000 x13/a3   00000000 x14/a4   00000000 x15/a5   00000000
 x16/a6   00000000 x17/a7   00000000 x18/s2   00000000 x19/s3   00000000
 x20/s4   00000000 x21/s5   00000000 x22/s6   00000000 x23/s7   00000000
 x24/s8   00000000 x25/s9   00000000 x26/s10  00000000 x27/s11  00000000
 x28/t3   00000000 x29/t4   00000000 x30/t5   00000000 x31/t6   00000000
 pc       00010084
 x0/zero  00000000 x1/ra    00000000 x2/sp    2b2ab6f0 x3/gp    00000000
 x4/tp    00000000 x5/t0    0000000a x6/t1    0000000f x7/t2    00000006
 x8/s0    00000000 x9/s1    00000000 x10/a0   00000000 x11/a1   00000000
 x12/a2   00000000 x13/a3   00000000 x14/a4   00000000 x15/a5   00000000
 x16/a6   00000000 x17/a7   00000000 x18/s2   00000000 x19/s3   00000000
 x20/s4   00000000 x21/s5   00000000 x22/s6   00000000 x23/s7   00000000
 x24/s8   00000000 x25/s9   00000000 x26/s10  00000000 x27/s11  00000000
 x28/t3   00000000 x29/t4   00000000 x30/t5   00000000 x31/t6   00000000
 pc       00010088
 x0/zero  00000000 x1/ra    00000000 x2/sp    2b2ab6f0 x3/gp    00000000
 x4/tp    00000000 x5/t0    0000000a x6/t1    00000015 x7/t2    00000006
 x8/s0    00000000 x9/s1    00000000 x10/a0   00000000 x11/a1   00000000
 x12/a2   00000000 x13/a3   00000000 x14/a4   00000000 x15/a5   00000000
 x16/a6   00000000 x17/a7   00000000 x18/s2   00000000 x19/s3   00000000
 x20/s4   00000000 x21/s5   00000000 x22/s6   00000000 x23/s7   00000000
 x24/s8   00000000 x25/s9   00000000 x26/s10  00000000 x27/s11  00000000
 x28/t3   00000000 x29/t4   00000000 x30/t5   00000000 x31/t6   00000000
 pc       0001008c
 x0/zero  00000000 x1/ra    00000000 x2/sp    2b2ab6f0 x3/gp    00000000
 x4/tp    00000000 x5/t0    0000000a x6/t1    00000015 x7/t2    00000007
 x8/s0    00000000 x9/s1    00000000 x10/a0   00000000 x11/a1   00000000
 x12/a2   00000000 x13/a3   00000000 x14/a4   00000000 x15/a5   00000000
 x16/a6   00000000 x17/a7   00000000 x18/s2   00000000 x19/s3   00000000
 x20/s4   00000000 x21/s5   00000000 x22/s6   00000000 x23/s7   00000000
 x24/s8   00000000 x25/s9   00000000 x26/s10  00000000 x27/s11  00000000
 x28/t3   00000000 x29/t4   00000000 x30/t5   00000000 x31/t6   00000000
 pc       00010080
 x0/zero  00000000 x1/ra    00000000 x2/sp    2b2ab6f0 x3/gp    00000000
 x4/tp    00000000 x5/t0    0000000a x6/t1    00000015 x7/t2    00000007
 x8/s0    00000000 x9/s1    00000000 x10/a0   00000000 x11/a1   00000000
 x12/a2   00000000 x13/a3   00000000 x14/a4   00000000 x15/a5   00000000
 x16/a6   00000000 x17/a7   00000000 x18/s2   00000000 x19/s3   00000000
 x20/s4   00000000 x21/s5   00000000 x22/s6   00000000 x23/s7   00000000
 x24/s8   00000000 x25/s9   00000000 x26/s10  00000000 x27/s11  00000000
 x28/t3   00000000 x29/t4   00000000 x30/t5   00000000 x31/t6   00000000
 pc       00010084
 x0/zero  00000000 x1/ra    00000000 x2/sp    2b2ab6f0 x3/gp    00000000
 x4/tp    00000000 x5/t0    0000000a x6/t1    00000015 x7/t2    00000007
 x8/s0    00000000 x9/s1    00000000 x10/a0   00000000 x11/a1   00000000
 x12/a2   00000000 x13/a3   00000000 x14/a4   00000000 x15/a5   00000000
 x16/a6   00000000 x17/a7   00000000 x18/s2   00000000 x19/s3   00000000
 x20/s4   00000000 x21/s5   00000000 x22/s6   00000000 x23/s7   00000000
 x24/s8   00000000 x25/s9   00000000 x26/s10  00000000 x27/s11  00000000
 x28/t3   00000000 x29/t4   00000000 x30/t5   00000000 x31/t6   00000000
 pc       00010088
 x0/zero  00000000 x1/ra    00000000 x2/sp    2b2ab6f0 x3/gp    00000000
 x4/tp    00000000 x5/t0    0000000a x6/t1    0000001c x7/t2    00000007
 x8/s0    00000000 x9/s1    00000000 x10/a0   00000000 x11/a1   00000000
 x12/a2   00000000 x13/a3   00000000 x14/a4   00000000 x15/a5   00000000
 x16/a6   00000000 x17/a7   00000000 x18/s2   00000000 x19/s3   00000000
 x20/s4   00000000 x21/s5   00000000 x22/s6   00000000 x23/s7   00000000
 x24/s8   00000000 x25/s9   00000000 x26/s10  00000000 x27/s11  00000000
 x28/t3   00000000 x29/t4   00000000 x30/t5   00000000 x31/t6   00000000
 pc       0001008c
 x0/zero  00000000 x1/ra    00000000 x2/sp    2b2ab6f0 x3/gp    00000000
 x4/tp    00000000 x5/t0    0000000a x6/t1    0000001c x7/t2    00000008
 x8/s0    00000000 x9/s1    00000000 x10/a0   00000000 x11/a1   00000000
 x12/a2   00000000 x13/a3   00000000 x14/a4   00000000 x15/a5   00000000
 x16/a6   00000000 x17/a7   00000000 x18/s2   00000000 x19/s3   00000000
 x20/s4   00000000 x21/s5   00000000 x22/s6   00000000 x23/s7   00000000
 x24/s8   00000000 x25/s9   00000000 x26/s10  00000000 x27/s11  00000000
 x28/t3   00000000 x29/t4   00000000 x30/t5   00000000 x31/t6   00000000
 pc       00010080
 x0/zero  00000000 x1/ra    00000000 x2/sp    2b2ab6f0 x3/gp    00000000
 x4/tp    00000000 x5/t0    0000000a x6/t1    0000001c x7/t2    00000008
 x8/s0    00000000 x9/s1    00000000 x10/a0   00000000 x11/a1   00000000
 x12/a2   00000000 x13/a3   00000000 x14/a4   00000000 x15/a5   00000000
 x16/a6   00000000 x17/a7   00000000 x18/s2   00000000 x19/s3   00000000
 x20/s4   00000000 x21/s5   00000000 x22/s6   00000000 x23/s7   00000000
 x24/s8   00000000 x25/s9   00000000 x26/s10  00000000 x27/s11  00000000
 x28/t3   00000000 x29/t4   00000000 x30/t5   00000000 x31/t6   00000000
 pc       00010084
 x0/zero  00000000 x1/ra    00000000 x2/sp    2b2ab6f0 x3/gp    00000000
 x4/tp    00000000 x5/t0    0000000a x6/t1    0000001c x7/t2    00000008
 x8/s0    00000000 x9/s1    00000000 x10/a0   00000000 x11/a1   00000000
 x12/a2   00000000 x13/a3   00000000 x14/a4   00000000 x15/a5   00000000
 x16/a6   00000000 x17/a7   00000000 x18/s2   00000000 x19/s3   00000000
 x20/s4   00000000 x21/s5   00000000 x22/s6   00000000 x23/s7   00000000
 x24/s8   00000000 x25/s9   00000000 x26/s10  00000000 x27/s11  00000000
 x28/t3   00000000 x29/t4   00000000 x30/t5   00000000 x31/t6   00000000
 pc       00010088
 x0/zero  00000000 x1/ra    00000000 x2/sp    2b2ab6f0 x3/gp    00000000
 x4/tp    00000000 x5/t0    0000000a x6/t1    00000024 x7/t2    00000008
 x8/s0    00000000 x9/s1    00000000 x10/a0   00000000 x11/a1   00000000
 x12/a2   00000000 x13/a3   00000000 x14/a4   00000000 x15/a5   00000000
 x16/a6   00000000 x17/a7   00000000 x18/s2   00000000 x19/s3   00000000
 x20/s4   00000000 x21/s5   00000000 x22/s6   00000000 x23/s7   00000000
 x24/s8   00000000 x25/s9   00000000 x26/s10  00000000 x27/s11  00000000
 x28/t3   00000000 x29/t4   00000000 x30/t5   00000000 x31/t6   00000000
 pc       0001008c
 x0/zero  00000000 x1/ra    00000000 x2/sp    2b2ab6f0 x3/gp    00000000
 x4/tp    00000000 x5/t0    0000000a x6/t1    00000024 x7/t2    00000009
 x8/s0    00000000 x9/s1    00000000 x10/a0   00000000 x11/a1   00000000
 x12/a2   00000000 x13/a3   00000000 x14/a4   00000000 x15/a5   00000000
 x16/a6   00000000 x17/a7   00000000 x18/s2   00000000 x19/s3   00000000
 x20/s4   00000000 x21/s5   00000000 x22/s6   00000000 x23/s7   00000000
 x24/s8   00000000 x25/s9   00000000 x26/s10  00000000 x27/s11  00000000
 x28/t3   00000000 x29/t4   00000000 x30/t5   00000000 x31/t6   00000000
 pc       00010080
 x0/zero  00000000 x1/ra    00000000 x2/sp    2b2ab6f0 x3/gp    00000000
 x4/tp    00000000 x5/t0    0000000a x6/t1    00000024 x7/t2    00000009
 x8/s0    00000000 x9/s1    00000000 x10/a0   00000000 x11/a1   00000000
 x12/a2   00000000 x13/a3   00000000 x14/a4   00000000 x15/a5   00000000
 x16/a6   00000000 x17/a7   00000000 x18/s2   00000000 x19/s3   00000000
 x20/s4   00000000 x21/s5   00000000 x22/s6   00000000 x23/s7   00000000
 x24/s8   00000000 x25/s9   00000000 x26/s10  00000000 x27/s11  00000000
 x28/t3   00000000 x29/t4   00000000 x30/t5   00000000 x31/t6   00000000
 pc       00010084
 x0/zero  00000000 x1/ra    00000000 x2/sp    2b2ab6f0 x3/gp    00000000
 x4/tp    00000000 x5/t0    0000000a x6/t1    00000024 x7/t2    00000009
 x8/s0    00000000 x9/s1    00000000 x10/a0   00000000 x11/a1   00000000
 x12/a2   00000000 x13/a3   00000000 x14/a4   00000000 x15/a5   00000000
 x16/a6   00000000 x17/a7   00000000 x18/s2   00000000 x19/s3   00000000
 x20/s4   00000000 x21/s5   00000000 x22/s6   00000000 x23/s7   00000000
 x24/s8   00000000 x25/s9   00000000 x26/s10  00000000 x27/s11  00000000
 x28/t3   00000000 x29/t4   00000000 x30/t5   00000000 x31/t6   00000000
 pc       00010088
 x0/zero  00000000 x1/ra    00000000 x2/sp    2b2ab6f0 x3/gp    00000000
 x4/tp    00000000 x5/t0    0000000a x6/t1    0000002d x7/t2    00000009
 x8/s0    00000000 x9/s1    00000000 x10/a0   00000000 x11/a1   00000000
 x12/a2   00000000 x13/a3   00000000 x14/a4   00000000 x15/a5   00000000
 x16/a6   00000000 x17/a7   00000000 x18/s2   00000000 x19/s3   00000000
 x20/s4   00000000 x21/s5   00000000 x22/s6   00000000 x23/s7   00000000
 x24/s8   00000000 x25/s9   00000000 x26/s10  00000000 x27/s11  00000000
 x28/t3   00000000 x29/t4   00000000 x30/t5   00000000 x31/t6   00000000
 pc       0001008c
 x0/zero  00000000 x1/ra    00000000 x2/sp    2b2ab6f0 x3/gp    00000000
 x4/tp    00000000 x5/t0    0000000a x6/t1    0000002d x7/t2    0000000a
 x8/s0    00000000 x9/s1    00000000 x10/a0   00000000 x11/a1   00000000
 x12/a2   00000000 x13/a3   00000000 x14/a4   00000000 x15/a5   00000000
 x16/a6   00000000 x17/a7   00000000 x18/s2   00000000 x19/s3   00000000
 x20/s4   00000000 x21/s5   00000000 x22/s6   00000000 x23/s7   00000000
 x24/s8   00000000 x25/s9   00000000 x26/s10  00000000 x27/s11  00000000
 x28/t3   00000000 x29/t4   00000000 x30/t5   00000000 x31/t6   00000000
 pc       00010080
 x0/zero  00000000 x1/ra    00000000 x2/sp    2b2ab6f0 x3/gp    00000000
 x4/tp    00000000 x5/t0    0000000a x6/t1    0000002d x7/t2    0000000a
 x8/s0    00000000 x9/s1    00000000 x10/a0   00000000 x11/a1   00000000
 x12/a2   00000000 x13/a3   00000000 x14/a4   00000000 x15/a5   00000000
 x16/a6   00000000 x17/a7   00000000 x18/s2   00000000 x19/s3   00000000
 x20/s4   00000000 x21/s5   00000000 x22/s6   00000000 x23/s7   00000000
 x24/s8   00000000 x25/s9   00000000 x26/s10  00000000 x27/s11  00000000
 x28/t3   00000000 x29/t4   00000000 x30/t5   00000000 x31/t6   00000000
 pc       00010084
 x0/zero  00000000 x1/ra    00000000 x2/sp    2b2ab6f0 x3/gp    00000000
 x4/tp    00000000 x5/t0    0000000a x6/t1    0000002d x7/t2    0000000a
 x8/s0    00000000 x9/s1    00000000 x10/a0   00000000 x11/a1   00000000
 x12/a2   00000000 x13/a3   00000000 x14/a4   00000000 x15/a5   00000000
 x16/a6   00000000 x17/a7   00000000 x18/s2   00000000 x19/s3   00000000
 x20/s4   00000000 x21/s5   00000000 x22/s6   00000000 x23/s7   00000000
 x24/s8   00000000 x25/s9   00000000 x26/s10  00000000 x27/s11  00000000
 x28/t3   00000000 x29/t4   00000000 x30/t5   00000000 x31/t6   00000000
 pc       00010088
 x0/zero  00000000 x1/ra    00000000 x2/sp    2b2ab6f0 x3/gp    00000000
 x4/tp    00000000 x5/t0    0000000a x6/t1    00000037 x7/t2    0000000a
 x8/s0    00000000 x9/s1    00000000 x10/a0   00000000 x11/a1   00000000
 x12/a2   00000000 x13/a3   00000000 x14/a4   00000000 x15/a5   00000000
 x16/a6   00000000 x17/a7   00000000 x18/s2   00000000 x19/s3   00000000
 x20/s4   00000000 x21/s5   00000000 x22/s6   00000000 x23/s7   00000000
 x24/s8   00000000 x25/s9   00000000 x26/s10  00000000 x27/s11  00000000
 x28/t3   00000000 x29/t4   00000000 x30/t5   00000000 x31/t6   00000000
 pc       0001008c
 x0/zero  00000000 x1/ra    00000000 x2/sp    2b2ab6f0 x3/gp    00000000
 x4/tp    00000000 x5/t0    0000000a x6/t1    00000037 x7/t2    0000000b
 x8/s0    00000000 x9/s1    00000000 x10/a0   00000000 x11/a1   00000000
 x12/a2   00000000 x13/a3   00000000 x14/a4   00000000 x15/a5   00000000
 x16/a6   00000000 x17/a7   00000000 x18/s2   00000000 x19/s3   00000000
 x20/s4   00000000 x21/s5   00000000 x22/s6   00000000 x23/s7   00000000
 x24/s8   00000000 x25/s9   00000000 x26/s10  00000000 x27/s11  00000000
 x28/t3   00000000 x29/t4   00000000 x30/t5   00000000 x31/t6   00000000
 pc       00010080
 x0/zero  00000000 x1/ra    00000000 x2/sp    2b2ab6f0 x3/gp    00000000
 x4/tp    00000000 x5/t0    0000000a x6/t1    00000037 x7/t2    0000000b
 x8/s0    00000000 x9/s1    00000000 x10/a0   00000000 x11/a1   00000000
 x12/a2   00000000 x13/a3   00000000 x14/a4   00000000 x15/a5   00000000
 x16/a6   00000000 x17/a7   00000000 x18/s2   00000000 x19/s3   00000000
 x20/s4   00000000 x21/s5   00000000 x22/s6   00000000 x23/s7   00000000
 x24/s8   00000000 x25/s9   00000000 x26/s10  00000000 x27/s11  00000000
 x28/t3   00000000 x29/t4   00000000 x30/t5   00000000 x31/t6   00000000
----------------
IN: 
0x00010090:  05d00893          addi                    a7,zero,93

 pc       00010090
 x0/zero  00000000 x1/ra    00000000 x2/sp    2b2ab6f0 x3/gp    00000000
 x4/tp    00000000 x5/t0    0000000a x6/t1    00000037 x7/t2    0000000b
 x8/s0    00000000 x9/s1    00000000 x10/a0   00000000 x11/a1   00000000
 x12/a2   00000000 x13/a3   00000000 x14/a4   00000000 x15/a5   00000000
 x16/a6   00000000 x17/a7   00000000 x18/s2   00000000 x19/s3   00000000
 x20/s4   00000000 x21/s5   00000000 x22/s6   00000000 x23/s7   00000000
 x24/s8   00000000 x25/s9   00000000 x26/s10  00000000 x27/s11  00000000
 x28/t3   00000000 x29/t4   00000000 x30/t5   00000000 x31/t6   00000000
----------------
IN: 
0x00010094:  00000513          mv                      a0,zero

 pc       00010094
 x0/zero  00000000 x1/ra    00000000 x2/sp    2b2ab6f0 x3/gp    00000000
 x4/tp    00000000 x5/t0    0000000a x6/t1    00000037 x7/t2    0000000b
 x8/s0    00000000 x9/s1    00000000 x10/a0   00000000 x11/a1   00000000
 x12/a2   00000000 x13/a3   00000000 x14/a4   00000000 x15/a5   00000000
 x16/a6   00000000 x17/a7   0000005d x18/s2   00000000 x19/s3   00000000
 x20/s4   00000000 x21/s5   00000000 x22/s6   00000000 x23/s7   00000000
 x24/s8   00000000 x25/s9   00000000 x26/s10  00000000 x27/s11  00000000
 x28/t3   00000000 x29/t4   00000000 x30/t5   00000000 x31/t6   00000000
----------------
IN: 
0x00010098:  00000073          ecall                   

 pc       00010098
 x0/zero  00000000 x1/ra    00000000 x2/sp    2b2ab6f0 x3/gp    00000000
 x4/tp    00000000 x5/t0    0000000a x6/t1    00000037 x7/t2    0000000b
 x8/s0    00000000 x9/s1    00000000 x10/a0   00000000 x11/a1   00000000
 x12/a2   00000000 x13/a3   00000000 x14/a4   00000000 x15/a5   00000000
 x16/a6   00000000 x17/a7   0000005d x18/s2   00000000 x19/s3   00000000
 x20/s4   00000000 x21/s5   00000000 x22/s6   00000000 x23/s7   00000000
 x24/s8   00000000 x25/s9   00000000 x26/s10  00000000 x27/s11  00000000
 x28/t3   00000000 x29/t4   00000000 x30/t5   00000000 x31/t6   00000000
